<?xml version="1.0" encoding="utf-8"?><testsuites><testsuite name="pytest" errors="0" failures="0" skipped="5" tests="1463" time="73.520" timestamp="2026-07-14T14:18:11.931764+08:00" hostname="AC0128"><testcase classname="" name="tests.test_local_embedding_provider" time="0.000"><skipped message="collection skipped">('D:\\Users\\<local-user>\\Desktop\\修改\\memory-garden-main\\tests\\test_local_embedding_provider.py', 9, "Skipped: could not import 'sentence_transformers': Could not import module 'PreTrainedModel'. Are this object's requirements defined correctly?")</skipped></testcase><testcase classname="tests.test_after_reply" name="test_closed_does_not_observe" time="0.007" /><testcase classname="tests.test_after_reply" name="test_open_observe_user_message_only" time="0.004" /><testcase classname="tests.test_after_reply" name="test_assistant_reply_not_observed_alone" time="0.002" /><testcase classname="tests.test_after_reply" name="test_adoption_signal_adds_context" time="0.003" /><testcase classname="tests.test_after_reply" name="test_turn_count_increments_after_open_round" time="0.002" /><testcase classname="tests.test_after_reply" name="test_no_auto_court_or_dream" time="0.003" /><testcase classname="tests.test_after_reply" name="test_after_reply_user_visible_feedback_none_by_default" time="0.002" /><testcase classname="tests.test_after_reply" name="test_before_reply_body_has_no_tick_runner" time="0.004" /><testcase classname="tests.test_agent_brief_injection_demo" name="test_demo_module_import_no_side_effects" time="0.003" /><testcase classname="tests.test_agent_brief_injection_demo" name="test_run_demo_returns_success" time="0.081" /><testcase classname="tests.test_agent_brief_injection_demo" name="test_stdout_contains_garden_brief" time="0.043" /><testcase classname="tests.test_agent_brief_injection_demo" name="test_with_memory_uses_seeded_cues" time="0.044" /><testcase classname="tests.test_agent_brief_injection_demo" name="test_no_memory_lacks_seeded_marker" time="0.045" /><testcase classname="tests.test_agent_brief_injection_demo" name="test_main_cli_exit_zero" time="8.216" /><testcase classname="tests.test_agent_brief_injection_demo" name="test_no_cwd_pollution" time="0.043" /><testcase classname="tests.test_agent_brief_injection_demo" name="test_example_source_no_provider_or_api_key_tokens" time="0.001" /><testcase classname="tests.test_ann_index" name="test_empty_index_brute_force_fallback" time="0.001" /><testcase classname="tests.test_ann_index" name="test_batch_add_and_search_returns_best_match" time="0.002" /><testcase classname="tests.test_ann_index" name="test_clear_resets_index" time="0.001" /><testcase classname="tests.test_ann_index" name="test_dimension_mismatch_falls_back_to_brute_force" time="0.001" /><testcase classname="tests.test_ann_index" name="test_hnsw_path_when_installed" time="0.000"><skipped type="pytest.skip" message="hnswlib optional"><project-root>\tests\test_ann_index.py:52: hnswlib optional</skipped></testcase><testcase classname="tests.test_auto_memory" name="test_auto_start_stop" time="0.029" /><testcase classname="tests.test_auto_memory" name="test_auto_context_manager" time="0.029" /><testcase classname="tests.test_auto_memory" name="test_auto_hook_wraps_function" time="0.029" /><testcase classname="tests.test_auto_memory" name="test_auto_no_memory_garden_created" time="0.028" /><testcase classname="tests.test_auto_memory" name="test_auto_double_start_idempotent" time="0.031" /><testcase classname="tests.test_auto_memory" name="test_auto_does_not_crash_without_clients" time="0.030" /><testcase classname="tests.test_auto_memory" name="test_auto_memory_records_openai_patch_failure" time="0.028" /><testcase classname="tests.test_auto_memory" name="test_auto_memory_records_anthropic_patch_failure" time="0.028" /><testcase classname="tests.test_auto_memory" name="test_auto_memory_diagnostics_empty_on_success" time="0.027" /><testcase classname="tests.test_auto_memory" name="test_auto_memory_start_still_returns_self" time="0.029" /><testcase classname="tests.test_before_reply" name="test_closed_no_brief" time="0.002" /><testcase classname="tests.test_before_reply" name="test_open_returns_brief" time="0.002" /><testcase classname="tests.test_before_reply" name="test_closing_skips_harvest" time="0.002" /><testcase classname="tests.test_before_reply" name="test_before_reply_does_not_observe_or_create_seed" time="0.002" /><testcase classname="tests.test_before_reply" name="test_before_reply_calls_harvester_path" time="0.002" /><testcase classname="tests.test_before_reply" name="test_before_reply_impl_does_not_invoke_core_observe" time="0.002" /><testcase classname="tests.test_before_reply" name="test_session_id_mismatch_raises" time="0.029" /><testcase classname="tests.test_before_reply" name="test_no_court_or_dream_events_from_before_reply" time="0.002" /><testcase classname="tests.test_candidate_source" name="test_missing_fts_index_uses_in_memory_without_error" time="0.078" /><testcase classname="tests.test_candidate_source" name="test_fts_backed_retrieval_returns_expected_memory_id" time="0.636" /><testcase classname="tests.test_candidate_source" name="test_fts_primary_does_not_run_full_in_memory_scan" time="0.211" /><testcase classname="tests.test_candidate_source" name="test_fts_source_directly" time="0.068" /><testcase classname="tests.test_candidate_source" name="test_in_memory_source_preserves_lexical_recall_within_bound" time="0.064" /><testcase classname="tests.test_candidate_source" name="test_product_retrieval_1000_memories_bounded_without_fts" time="1.800" /><testcase classname="tests.test_candidate_source" name="test_product_retrieval_1000_memories_fts_primary" time="0.919" /><testcase classname="tests.test_candidate_source" name="test_product_retrieval_micro_benchmark_reports_latency" time="1.283" /><testcase classname="tests.test_cjk_ngram" name="test_bigram_index_text_splits_continuous_cjk" time="0.001" /><testcase classname="tests.test_cjk_ngram" name="test_build_cjk_fts_match_query_or_chain" time="0.001" /><testcase classname="tests.test_cjk_ngram" name="test_build_cjk_token_query_empty_for_ascii_only" time="0.001" /><testcase classname="tests.test_cjk_ngram" name="test_jieba_tokenize_fallback_without_jieba_matches_bigram_style" time="0.001" /><testcase classname="tests.test_cjk_ngram" name="test_cjk_index_text_non_empty_for_chinese" time="0.001" /><testcase classname="tests.test_cjk_ngram" name="test_long_chinese_sentence_token_query_not_empty" time="0.001" /><testcase classname="tests.test_cli" name="test_cli_no_command_shows_help" time="0.014" /><testcase classname="tests.test_cli" name="test_cli_init_creates_garden" time="0.017" /><testcase classname="tests.test_cli" name="test_cli_health_healthy" time="0.030" /><testcase classname="tests.test_cli" name="test_cli_health_nonexistent" time="0.015" /><testcase classname="tests.test_cli" name="test_cli_doctor_healthy" time="0.029" /><testcase classname="tests.test_cli" name="test_cli_doctor_nonexistent" time="0.017" /><testcase classname="tests.test_cli" name="test_cli_search_no_index" time="0.064" /><testcase classname="tests.test_cli" name="test_cli_demo_runs_full_cycle" time="0.091" /><testcase classname="tests.test_cli" name="test_cli_does_not_create_memory_garden_in_cwd" time="0.019" /><testcase classname="tests.test_cli_adapters" name="test_claude_code_imports" time="0.013" /><testcase classname="tests.test_cli_adapters" name="test_claude_code_session_before" time="0.034" /><testcase classname="tests.test_cli_adapters" name="test_claude_code_session_with_history" time="0.031" /><testcase classname="tests.test_cli_adapters" name="test_claude_code_before_uses_llm_brief_writer_when_provider_available" time="0.032" /><testcase classname="tests.test_cli_adapters" name="test_claude_code_full_cycle" time="0.030" /><testcase classname="tests.test_cli_adapters" name="test_claude_code_reads_json_transcript_user_message" time="0.008" /><testcase classname="tests.test_cli_adapters" name="test_claude_code_reads_last_jsonl_transcript_user_message" time="0.010" /><testcase classname="tests.test_cli_adapters" name="test_claude_code_rejects_non_json_transcript_path" time="0.007" /><testcase classname="tests.test_cli_adapters" name="test_claude_code_rejects_oversized_transcript" time="0.005" /><testcase classname="tests.test_cli_adapters" name="test_claude_code_normalizes_user_message_length" time="0.001" /><testcase classname="tests.test_cli_adapters" name="test_shared_provider_loader_reads_config_without_network" time="0.011" /><testcase classname="tests.test_cli_adapters" name="test_shared_provider_loader_is_disabled_by_default" time="0.005" /><testcase classname="tests.test_cli_adapters" name="test_codex_imports" time="0.006" /><testcase classname="tests.test_cli_adapters" name="test_codex_build_system_prompt" time="0.030" /><testcase classname="tests.test_cli_adapters" name="test_codex_uses_llm_brief_writer_when_provider_available" time="0.031" /><testcase classname="tests.test_cli_adapters" name="test_codex_skips_llm_brief_writer_without_raw_text_opt_in" time="0.032" /><testcase classname="tests.test_cli_adapters" name="test_codex_full_cycle" time="0.029" /><testcase classname="tests.test_cli_adapters" name="test_openclaw_imports" time="0.007" /><testcase classname="tests.test_cli_adapters" name="test_openclaw_cli_before_passes_garden_path_to_provider_loader" time="0.033" /><testcase classname="tests.test_cli_adapters" name="test_openclaw_after_records_turn_when_called_fresh" time="0.030" /><testcase classname="tests.test_cli_adapters" name="test_codex_system_prompt_cmd" time="0.032" /><testcase classname="tests.test_cli_adapters" name="test_both_adapters_no_memory_garden_created" time="0.038" /><testcase classname="tests.test_cognition_models.TestHarvestMode" name="test_rules_only_is_default" time="0.001" /><testcase classname="tests.test_cognition_models.TestHarvestMode" name="test_all_modes_exist" time="0.001" /><testcase classname="tests.test_cognition_models.TestHarvestCandidate" name="test_minimal_construction" time="0.001" /><testcase classname="tests.test_cognition_models.TestHarvestCandidate" name="test_full_construction" time="0.001" /><testcase classname="tests.test_cognition_models.TestHarvestCandidate" name="test_memory_id_required" time="0.001" /><testcase classname="tests.test_cognition_models.TestHarvestCandidate" name="test_source_ids_default_empty" time="0.002" /><testcase classname="tests.test_cognition_models.TestHarvestRerankResult" name="test_construction" time="0.001" /><testcase classname="tests.test_cognition_models.TestHarvestRerankResult" name="test_default_metadata" time="0.001" /><testcase classname="tests.test_cognition_models.TestGardenBriefDraft" name="test_full_construction" time="0.001" /><testcase classname="tests.test_cognition_models.TestGardenBriefDraft" name="test_required_fields" time="0.001" /><testcase classname="tests.test_cognition_models.TestHarvestTrace" name="test_full_construction" time="0.001" /><testcase classname="tests.test_cognition_models.TestHarvestTrace" name="test_fallback_trace" time="0.001" /><testcase classname="tests.test_cognition_providers.TestFakeEmbeddingProvider" name="test_deterministic_output" time="0.001" /><testcase classname="tests.test_cognition_providers.TestFakeEmbeddingProvider" name="test_different_texts_produce_different_vectors" time="0.001" /><testcase classname="tests.test_cognition_providers.TestFakeEmbeddingProvider" name="test_empty_text_produces_zero_vector" time="0.001" /><testcase classname="tests.test_cognition_providers.TestFakeEmbeddingProvider" name="test_satisfies_protocol" time="0.001" /><testcase classname="tests.test_cognition_providers.TestFakeHarvestRerankerProvider" name="test_preserves_candidate_count" time="0.001" /><testcase classname="tests.test_cognition_providers.TestFakeHarvestRerankerProvider" name="test_assigns_rerank_scores" time="0.001" /><testcase classname="tests.test_cognition_providers.TestFakeHarvestRerankerProvider" name="test_sorts_by_rerank_score_descending" time="0.001" /><testcase classname="tests.test_cognition_providers.TestFakeHarvestRerankerProvider" name="test_no_new_memory_ids" time="0.001" /><testcase classname="tests.test_cognition_providers.TestFakeHarvestRerankerProvider" name="test_empty_candidates" time="0.001" /><testcase classname="tests.test_cognition_providers.TestFakeHarvestRerankerProvider" name="test_satisfies_protocol" time="0.001" /><testcase classname="tests.test_cognition_providers.TestFakeBriefWriterProvider" name="test_includes_source_memory_ids" time="0.001" /><testcase classname="tests.test_cognition_providers.TestFakeBriefWriterProvider" name="test_all_fields_non_empty" time="0.001" /><testcase classname="tests.test_cognition_providers.TestFakeBriefWriterProvider" name="test_handles_empty_candidates" time="0.001" /><testcase classname="tests.test_cognition_providers.TestFakeBriefWriterProvider" name="test_satisfies_protocol" time="0.001" /><testcase classname="tests.test_cognition_providers.TestLLMBriefWriter" name="test_writes_natural_language_use_with_source_ids" time="0.001" /><testcase classname="tests.test_cognition_providers.TestLLMBriefWriter" name="test_satisfies_protocol" time="0.001" /><testcase classname="tests.test_cognition_providers.TestLLMBriefWriter" name="test_llm_brief_writer_blocks_remote_provider_without_policy" time="0.001" /><testcase classname="tests.test_cognition_providers.TestValidateRerankCandidates" name="test_no_new_ids_passes" time="0.001" /><testcase classname="tests.test_cognition_providers.TestValidateRerankCandidates" name="test_extra_id_fails" time="0.001" /><testcase classname="tests.test_cognition_providers.TestValidateRerankCandidates" name="test_more_output_than_input_fails" time="0.001" /><testcase classname="tests.test_cognition_providers.TestValidateBriefTraceability" name="test_all_ids_in_pool_passes" time="0.001" /><testcase classname="tests.test_cognition_providers.TestValidateBriefTraceability" name="test_missing_id_fails" time="0.001" /><testcase classname="tests.test_cognition_providers.TestValidateBriefTraceability" name="test_empty_source_ids_fails" time="0.001" /><testcase classname="tests.test_cognition_providers.TestGenerateTrace" name="test_produces_trace" time="0.001" /><testcase classname="tests.test_cognition_providers.TestGenerateTrace" name="test_fallback_trace" time="0.001" /><testcase classname="tests.test_cognition_providers.TestFallbackChecker" name="test_all_providers_none_triggers_fallback" time="0.001" /><testcase classname="tests.test_cognition_providers.TestFallbackChecker" name="test_all_providers_present_no_fallback" time="0.001" /><testcase classname="tests.test_cognition_providers.TestFallbackChecker" name="test_rules_only_never_falls_back" time="0.001" /><testcase classname="tests.test_cognition_providers.TestFallbackChecker" name="test_can_run_semantic_missing_providers" time="0.001" /><testcase classname="tests.test_cognition_providers.TestFallbackChecker" name="test_can_run_semantic_all_present" time="0.001" /><testcase classname="tests.test_cognition_providers.TestSafeCall" name="test_successful_call" time="0.001" /><testcase classname="tests.test_cognition_providers.TestSafeCall" name="test_failing_call" time="0.001" /><testcase classname="tests.test_command_not_memorized" name="test_huahua_open_does_not_create_seed" time="0.002" /><testcase classname="tests.test_command_not_memorized" name="test_huahua_close_does_not_create_seed" time="0.002" /><testcase classname="tests.test_command_not_memorized" name="test_huahua_close_does_not_create_memory_card" time="0.002" /><testcase classname="tests.test_command_not_memorized" name="test_huahua_close_does_not_call_observe" time="0.003" /><testcase classname="tests.test_command_not_memorized" name="test_huahua_close_sets_closed" time="0.002" /><testcase classname="tests.test_command_not_memorized" name="test_repeat_huahua_close_is_idempotent_for_memory_layer" time="0.003" /><testcase classname="tests.test_command_not_memorized" name="test_plain_chat_is_not_close_command" time="0.003" /><testcase classname="tests.test_compost" name="test_compost_with_compost_verdict_creates_record" time="0.003" /><testcase classname="tests.test_compost" name="test_compost_does_not_create_memory_card" time="0.003" /><testcase classname="tests.test_compost" name="test_compost_does_not_delete_seed_row" time="0.004" /><testcase classname="tests.test_compost" name="test_compost_writes_memory_composted_event" time="0.003" /><testcase classname="tests.test_compost" name="test_non_compost_verdict_raises" time="0.002" /><testcase classname="tests.test_compost" name="test_hard_forget_seed_cannot_compost_even_if_verdict_composite" time="0.002" /><testcase classname="tests.test_compost" name="test_compost_requires_court_case" time="0.002" /><testcase classname="tests.test_compost" name="test_compost_memory_card_not_implemented" time="0.002" /><testcase classname="tests.test_conflict_service" name="test_conflict_service_scans_full_library_without_silent_truncation" time="0.739" /><testcase classname="tests.test_conflict_service" name="test_conflict_service_detects_correction_with_arbitration" time="0.070" /><testcase classname="tests.test_conflict_service" name="test_conflict_service_detects_duplicate_by_title" time="0.067" /><testcase classname="tests.test_conflict_service" name="test_conflict_service_finds_oldest_contradiction_across_pages" time="0.703" /><testcase classname="tests.test_conflict_service" name="test_conflict_service_chinese_contradiction_pairs[\u56e2\u961f\u504f\u597d\u5feb\u901f\u7b80\u6d01\u4e0a\u7ebf-\u6211\u4eec\u51b3\u5b9a\u91c7\u7528\u6162\u901f\u8be6\u7ec6\u53d1\u5e03]" time="0.051" /><testcase classname="tests.test_conflict_service" name="test_conflict_service_chinese_contradiction_pairs[\u7528\u6237\u559c\u6b22\u6df1\u8272\u7b80\u77ed\u754c\u9762-\u7528\u6237\u8ba8\u538c\u6d45\u8272\u8be6\u7ec6\u754c\u9762]" time="0.057" /><testcase classname="tests.test_conflict_service" name="test_conflict_service_chinese_contradiction_pairs[\u6587\u6863\u4fdd\u6301\u7b80\u6d01\u77ed\u6458\u8981-\u6539\u4e3a\u8be6\u7ec6\u957f\u7bc7\u5e45\u8bf4\u660e]" time="0.052" /><testcase classname="tests.test_conflict_service" name="test_conflict_service_chinese_contradiction_pairs[\u9884\u7b97\u603b\u662f\u5145\u8db3\u4e14\u591a-\u9884\u7b97\u4ece\u4e0d\u5145\u8db3\u4e14\u5c11]" time="0.052" /><testcase classname="tests.test_conflict_service" name="test_conflict_service_chinese_contradiction_pairs[\u63a8\u8350\u672c\u5730\u624b\u52a8\u90e8\u7f72-\u53cd\u5bf9\u4e91\u7aef\u81ea\u52a8\u90e8\u7f72]" time="0.051" /><testcase classname="tests.test_conflict_service" name="test_conflict_service_chinese_contradiction_pairs[\u6d41\u7a0b\u9700\u8981\u624b\u52a8\u540c\u6b65\u5ba1\u6279-\u6d41\u7a0b\u6539\u4e3a\u81ea\u52a8\u5f02\u6b65\u5ba1\u6279]" time="0.052" /><testcase classname="tests.test_conflict_service" name="test_conflict_service_chinese_contradiction_pairs[\u524d\u7aef\u540c\u6b65\u8fed\u4ee3\u4e3b\u5bfc-\u540e\u7aef\u5f02\u6b65\u8fed\u4ee3\u4e3b\u5bfc]" time="0.052" /><testcase classname="tests.test_conflict_service" name="test_conflict_service_chinese_contradiction_pairs[\u4f1a\u8bae\u6c1b\u56f4\u4e25\u8083\u6b63\u5f0f-\u4f1a\u8bae\u6c1b\u56f4\u8f7b\u677e\u968f\u610f]" time="0.051" /><testcase classname="tests.test_conflict_service" name="test_conflict_service_chinese_contradiction_pairs[\u540c\u610f\u7acb\u5373\u5feb\u901f\u6267\u884c-\u53cd\u5bf9\u7a0d\u540e\u6162\u901f\u6267\u884c]" time="0.050" /><testcase classname="tests.test_conflict_service" name="test_conflict_service_chinese_contradiction_pairs[\u540c\u6b65\u9759\u6001\u63a5\u53e3\u8bbe\u8ba1-\u5f02\u6b65\u52a8\u6001\u63a5\u53e3\u8bbe\u8ba1]" time="0.053" /><testcase classname="tests.test_conflict_service" name="test_conflict_service_embedding_provider_boosts_detection" time="0.056" /><testcase classname="tests.test_conflict_service" name="test_conflict_service_unit_annotate_records_diagnostics" time="0.051" /><testcase classname="tests.test_core_flow" name="test_core_defaults_to_memory_sqlite_no_extra_project_folder" time="0.005" /><testcase classname="tests.test_core_flow" name="test_observe_open_court_apply_verdict_plant_flow" time="0.003" /><testcase classname="tests.test_core_flow" name="test_observe_writes_seed_created_only_no_memory" time="0.002" /><testcase classname="tests.test_core_flow" name="test_negative_compost_apply_verdict_no_memory_card" time="0.003" /><testcase classname="tests.test_core_flow" name="test_greenhouse_list_memories_default_excludes_greenhouse" time="0.003" /><testcase classname="tests.test_core_flow" name="test_recent_events_are_persistent_not_synthetic" time="0.002" /><testcase classname="tests.test_core_flow" name="test_memory_planted_after_apply" time="0.003" /><testcase classname="tests.test_core_flow" name="test_dream_delegates_empty_returns_none" time="0.002" /><testcase classname="tests.test_core_flow" name="test_dream_with_materials_may_return_record" time="0.005" /><testcase classname="tests.test_core_flow" name="test_hold_verdict_no_growth_and_seed_becomes_held" time="0.003" /><testcase classname="tests.test_core_flow" name="test_open_court_default_twice_does_not_duplicate_pending_trial" time="0.002" /><testcase classname="tests.test_core_flow" name="test_open_court_explicit_seed_ids_can_target_non_pending" time="0.003" /><testcase classname="tests.test_core_flow" name="test_apply_verdict_requires_target_for_prune_merge_forget_greenhouse" time="0.002" /><testcase classname="tests.test_core_flow" name="test_facade_has_no_search_harvest_brief" time="0.001" /><testcase classname="tests.test_court_case" name="test_long_term_preference_verdict_plant" time="0.002" /><testcase classname="tests.test_court_case" name="test_negative_self_talk_not_plant_and_identity_risk" time="0.002" /><testcase classname="tests.test_court_case" name="test_sensitive_verdict_greenhouse_or_hold" time="0.013" /><testcase classname="tests.test_court_case" name="test_explicit_forget_verdict_forget_not_plant" time="0.010" /><testcase classname="tests.test_court_case" name="test_negates_prior_without_target_hold_or_missing_flag" time="0.004" /><testcase classname="tests.test_court_case" name="test_unknown_seed_hold" time="0.002" /><testcase classname="tests.test_court_case" name="test_court_case_roundtrip" time="0.003" /><testcase classname="tests.test_court_case" name="test_triple_arguments_nonempty" time="0.002" /><testcase classname="tests.test_court_case" name="test_verdict_reason_and_confidence_bounds" time="0.002" /><testcase classname="tests.test_court_case" name="test_each_trial_writes_two_events" time="0.002" /><testcase classname="tests.test_court_case" name="test_verdict_made_metadata_contains_rules_and_flags" time="0.002" /><testcase classname="tests.test_court_case" name="test_court_does_not_create_side_records" time="0.003" /><testcase classname="tests.test_court_case" name="test_engine_source_has_no_llm_tokens" time="0.002" /><testcase classname="tests.test_court_case" name="test_negates_prior_with_target_prune" time="0.003" /><testcase classname="tests.test_court_case" name="test_open_cases_batch" time="0.002" /><testcase classname="tests.test_court_shadow" name="test_court_shadow_mode_enum" time="0.001" /><testcase classname="tests.test_court_shadow" name="test_court_advice_constructs" time="0.001" /><testcase classname="tests.test_court_shadow" name="test_court_shadow_comparison_constructs" time="0.001" /><testcase classname="tests.test_court_shadow" name="test_validate_advice_valid_returns_empty" time="0.001" /><testcase classname="tests.test_court_shadow" name="test_validate_advice_invalid_verdict" time="0.001" /><testcase classname="tests.test_court_shadow" name="test_validate_advice_missing_seed_id" time="0.001" /><testcase classname="tests.test_court_shadow" name="test_validate_advice_seed_id_mismatch" time="0.001" /><testcase classname="tests.test_court_shadow" name="test_validate_advice_empty_reason" time="0.001" /><testcase classname="tests.test_court_shadow" name="test_resolve_disagreement_same" time="0.001" /><testcase classname="tests.test_court_shadow" name="test_resolve_disagreement_different" time="0.001" /><testcase classname="tests.test_court_shadow" name="test_resolve_disagreement_llm_none" time="0.001" /><testcase classname="tests.test_court_shadow" name="test_disabled_mode_returns_empty_comparison" time="0.001" /><testcase classname="tests.test_court_shadow" name="test_disabled_mode_no_provider_called" time="0.001" /><testcase classname="tests.test_court_shadow" name="test_shadow_mode_with_provider" time="0.001" /><testcase classname="tests.test_court_shadow" name="test_final_verdict_always_equals_rule_verdict" time="0.001" /><testcase classname="tests.test_court_shadow" name="test_llm_suggest_plant_rule_hold" time="0.001" /><testcase classname="tests.test_court_shadow" name="test_llm_suggest_hold_rule_plant" time="0.001" /><testcase classname="tests.test_court_shadow" name="test_llm_suggest_forget_not_executed" time="0.001" /><testcase classname="tests.test_court_shadow" name="test_llm_suggest_merge_not_executed" time="0.001" /><testcase classname="tests.test_court_shadow" name="test_forget_rule_verdict_skips_advisor" time="0.001" /><testcase classname="tests.test_court_shadow" name="test_provider_exception_falls_back" time="0.001" /><testcase classname="tests.test_court_shadow" name="test_advice_invalid_verdict_falls_back" time="0.001" /><testcase classname="tests.test_court_shadow" name="test_advice_missing_seed_id_falls_back" time="0.001" /><testcase classname="tests.test_court_shadow" name="test_fake_provider_satisfies_protocol" time="0.001" /><testcase classname="tests.test_court_shadow" name="test_fixture_rule_hold_llm_plant" time="0.001" /><testcase classname="tests.test_court_shadow" name="test_fixture_rule_plant_llm_hold" time="0.001" /><testcase classname="tests.test_court_shadow" name="test_fixture_rule_forget_llm_plant" time="0.001" /><testcase classname="tests.test_court_shadow" name="test_fixture_rule_compost_llm_merge" time="0.001" /><testcase classname="tests.test_court_shadow" name="test_no_memory_garden_created" time="0.004" /><testcase classname="tests.test_covenant_audit_status" name="test_covenant_hash_is_stable" time="0.001" /><testcase classname="tests.test_covenant_audit_status" name="test_covenant_hash_changes_when_policy_changes" time="0.001" /><testcase classname="tests.test_covenant_audit_status" name="test_audit_records_decisions_and_trims" time="0.001" /><testcase classname="tests.test_covenant_audit_status" name="test_audit_inspect_is_json_safe_and_short" time="0.001" /><testcase classname="tests.test_covenant_audit_status" name="test_status_payload_json_round_trip" time="0.001" /><testcase classname="tests.test_covenant_audit_status" name="test_status_contains_expected_fields" time="0.001" /><testcase classname="tests.test_covenant_enforcer" name="test_before_harvest_allows_normal_memory" time="0.001" /><testcase classname="tests.test_covenant_enforcer" name="test_before_harvest_denies_greenhouse_for_ordinary_purpose" time="0.001" /><testcase classname="tests.test_covenant_enforcer" name="test_before_harvest_denies_pruned_for_ordinary_purpose" time="0.001" /><testcase classname="tests.test_covenant_enforcer" name="test_before_harvest_denies_composted_for_ordinary_purpose" time="0.001" /><testcase classname="tests.test_covenant_enforcer" name="test_before_harvest_denies_hard_forgotten" time="0.001" /><testcase classname="tests.test_covenant_enforcer" name="test_before_harvest_batch_filters_correctly" time="0.001" /><testcase classname="tests.test_covenant_enforcer" name="test_before_model_call_denies_when_disabled" time="0.001" /><testcase classname="tests.test_covenant_enforcer" name="test_before_model_call_denies_full_garden_context" time="0.001" /><testcase classname="tests.test_covenant_enforcer" name="test_before_display_allows_normal_memory" time="0.001" /><testcase classname="tests.test_covenant_enforcer" name="test_before_display_hides_greenhouse_raw_text" time="0.001" /><testcase classname="tests.test_covenant_enforcer" name="test_before_display_hides_hard_forgotten" time="0.001" /><testcase classname="tests.test_covenant_enforcer" name="test_before_export_denies_api_keys" time="0.001" /><testcase classname="tests.test_covenant_enforcer" name="test_before_export_denies_hard_forgotten" time="0.001" /><testcase classname="tests.test_covenant_enforcer" name="test_before_export_allows_normal_record" time="0.001" /><testcase classname="tests.test_covenant_enforcer" name="test_before_hard_forget_allows_when_valid" time="0.001" /><testcase classname="tests.test_covenant_enforcer" name="test_before_hard_forget_denies_without_id" time="0.001" /><testcase classname="tests.test_covenant_enforcer" name="test_before_admit_seed_denies_control_commands" time="0.001" /><testcase classname="tests.test_covenant_enforcer" name="test_before_admit_seed_allows_normal_text" time="0.001" /><testcase classname="tests.test_covenant_enforcer" name="test_before_admit_seed_denies_assistant_role_without_adoption" time="0.001" /><testcase classname="tests.test_covenant_enforcer" name="test_check_negative_identity_with_custom_covenant" time="0.001" /><testcase classname="tests.test_covenant_enforcer" name="test_check_negative_identity_allows_normal_with_default" time="0.001" /><testcase classname="tests.test_covenant_enforcer" name="test_is_control_command_detects_flower_open" time="0.001" /><testcase classname="tests.test_covenant_enforcer" name="test_is_control_command_detects_flower_close" time="0.001" /><testcase classname="tests.test_covenant_enforcer" name="test_is_control_command_rejects_normal_text" time="0.001" /><testcase classname="tests.test_covenant_enforcer" name="test_should_memorize_denies_control_commands" time="0.001" /><testcase classname="tests.test_covenant_enforcer" name="test_enforcement_result_allow" time="0.001" /><testcase classname="tests.test_covenant_enforcer" name="test_enforcement_result_deny" time="0.001" /><testcase classname="tests.test_covenant_lab" name="test_build_hard_baseline_assertions" time="0.001" /><testcase classname="tests.test_covenant_lab" name="test_assertions_cover_expected_lab_targets" time="0.001" /><testcase classname="tests.test_covenant_lab" name="test_build_covenant_safety_suite_json_safe" time="0.001" /><testcase classname="tests.test_covenant_lab" name="test_covenant_safety_suite_passes_with_good_snapshot" time="0.002" /><testcase classname="tests.test_covenant_lab" name="test_covenant_safety_suite_fails_with_bad_snapshot" time="0.001" /><testcase classname="tests.test_covenant_lab" name="test_unsafe_covenant_cannot_generate_lab_contracts" time="0.001" /><testcase classname="tests.test_covenant_loader" name="test_load_empty_dict_uses_defaults" time="0.001" /><testcase classname="tests.test_covenant_loader" name="test_load_nested_garden_covenant_dict" time="0.001" /><testcase classname="tests.test_covenant_loader" name="test_load_plain_dict_without_root_key" time="0.001" /><testcase classname="tests.test_covenant_loader" name="test_explicit_overrides_win_over_config" time="0.001" /><testcase classname="tests.test_covenant_loader" name="test_env_overrides_win_over_explicit" time="0.002" /><testcase classname="tests.test_covenant_loader" name="test_yaml_text_loader" time="0.002" /><testcase classname="tests.test_covenant_loader" name="test_yaml_file_loader" time="0.006" /><testcase classname="tests.test_covenant_loader" name="test_memory_garden_yaml_missing_uses_defaults" time="0.005" /><testcase classname="tests.test_covenant_loader" name="test_memory_garden_yaml_present_loads" time="0.006" /><testcase classname="tests.test_covenant_loader" name="test_unknown_field_fails" time="0.001" /><testcase classname="tests.test_covenant_loader" name="test_invalid_yaml_fails" time="0.001" /><testcase classname="tests.test_covenant_loader" name="test_dangerous_yaml_fails_validation" time="0.002" /><testcase classname="tests.test_covenant_loader" name="test_env_boolean_override" time="0.001" /><testcase classname="tests.test_covenant_loader" name="test_invalid_env_boolean_fails" time="0.001" /><testcase classname="tests.test_covenant_loader" name="test_loader_does_not_create_garden_paths" time="0.005" /><testcase classname="tests.test_covenant_loader" name="test_default_yaml_example_loads" time="0.019" /><testcase classname="tests.test_covenant_models" name="test_default_covenant_loads" time="0.001" /><testcase classname="tests.test_covenant_models" name="test_default_covenant_json_round_trip" time="0.001" /><testcase classname="tests.test_covenant_models" name="test_default_covenant_dict_is_json_safe" time="0.001" /><testcase classname="tests.test_covenant_models" name="test_default_commands_include_primary_and_aliases" time="0.001" /><testcase classname="tests.test_covenant_models" name="test_default_hard_baselines_are_true" time="0.001" /><testcase classname="tests.test_covenant_models" name="test_default_external_model_policy_is_selected_context_only" time="0.001" /><testcase classname="tests.test_covenant_models" name="test_default_model_purposes_include_required_values" time="0.001" /><testcase classname="tests.test_covenant_models" name="test_unknown_top_level_field_rejected" time="0.001" /><testcase classname="tests.test_covenant_models" name="test_unknown_nested_field_rejected" time="0.002" /><testcase classname="tests.test_covenant_validator" name="test_default_covenant_validates" time="0.001" /><testcase classname="tests.test_covenant_validator" name="test_unsupported_version_fails" time="0.001" /><testcase classname="tests.test_covenant_validator" name="test_hard_baselines_cannot_be_disabled[hard_baselines.hard_forgotten_never_visible]" time="0.001" /><testcase classname="tests.test_covenant_validator" name="test_hard_baselines_cannot_be_disabled[hard_baselines.commands_never_memorized]" time="0.001" /><testcase classname="tests.test_covenant_validator" name="test_hard_baselines_cannot_be_disabled[hard_baselines.unsupported_user_preference_never_in_brief]" time="0.002" /><testcase classname="tests.test_covenant_validator" name="test_hard_baselines_cannot_be_disabled[hard_baselines.hard_forget_overrides_compost]" time="0.001" /><testcase classname="tests.test_covenant_validator" name="test_hard_baselines_cannot_be_disabled[hard_baselines.ai_self_memory_requires_user_adoption]" time="0.001" /><testcase classname="tests.test_covenant_validator" name="test_hard_baselines_cannot_be_disabled[hard_baselines.external_model_never_receives_full_garden_by_default]" time="0.001" /><testcase classname="tests.test_covenant_validator" name="test_hard_baselines_cannot_be_disabled[hard_baselines.api_keys_never_exported]" time="0.001" /><testcase classname="tests.test_covenant_validator" name="test_open_commands_cannot_be_empty" time="0.001" /><testcase classname="tests.test_covenant_validator" name="test_close_commands_cannot_be_empty" time="0.001" /><testcase classname="tests.test_covenant_validator" name="test_open_close_commands_cannot_overlap" time="0.001" /><testcase classname="tests.test_covenant_validator" name="test_dangerous_true_switches_fail[consent.memorize_commands]" time="0.001" /><testcase classname="tests.test_covenant_validator" name="test_dangerous_true_switches_fail[model_calls.allow_full_garden_context]" time="0.001" /><testcase classname="tests.test_covenant_validator" name="test_dangerous_true_switches_fail[model_calls.allow_greenhouse_raw_text]" time="0.001" /><testcase classname="tests.test_covenant_validator" name="test_dangerous_true_switches_fail[model_calls.allow_hard_forgotten_text]" time="0.001" /><testcase classname="tests.test_covenant_validator" name="test_dangerous_true_switches_fail[harvest.allow_unsupported_user_preference_instruction]" time="0.001" /><testcase classname="tests.test_covenant_validator" name="test_dangerous_true_switches_fail[sensitive_memory.allow_greenhouse_raw_text_in_debug]" time="0.001" /><testcase classname="tests.test_covenant_validator" name="test_dangerous_true_switches_fail[portability.export_api_keys]" time="0.001" /><testcase classname="tests.test_covenant_validator" name="test_dangerous_true_switches_fail[portability.export_hard_forgotten_text]" time="0.001" /><testcase classname="tests.test_covenant_validator" name="test_dangerous_true_switches_fail[portability.export_greenhouse_raw_text]" time="0.001" /><testcase classname="tests.test_covenant_validator" name="test_ai_self_memory_requires_user_adoption_signal" time="0.001" /><testcase classname="tests.test_covenant_validator" name="test_dangerous_false_switches_fail[memory_admission.control_commands_never_memorized]" time="0.001" /><testcase classname="tests.test_covenant_validator" name="test_dangerous_false_switches_fail[emotional_safety.prevent_negative_identity_lock]" time="0.001" /><testcase classname="tests.test_covenant_validator" name="test_dangerous_false_switches_fail[emotional_safety.hard_forget_overrides_compost]" time="0.001" /><testcase classname="tests.test_covenant_validator" name="test_dangerous_false_switches_fail[model_calls.require_selected_context_only]" time="0.001" /><testcase classname="tests.test_covenant_validator" name="test_dangerous_false_switches_fail[harvest.require_source_memory_ids]" time="0.001" /><testcase classname="tests.test_covenant_validator" name="test_dangerous_false_switches_fail[sensitive_memory.greenhouse_excluded_from_harvest]" time="0.001" /><testcase classname="tests.test_covenant_validator" name="test_dangerous_false_switches_fail[visibility.report_hide_hard_forgotten_text]" time="0.001" /><testcase classname="tests.test_covenant_validator" name="test_dangerous_false_switches_fail[visibility.report_hide_greenhouse_raw_text]" time="0.001" /><testcase classname="tests.test_covenant_validator" name="test_brief_budget_too_large_fails" time="0.001" /><testcase classname="tests.test_covenant_validator" name="test_max_selected_memories_too_large_fails" time="0.001" /><testcase classname="tests.test_covenant_validator" name="test_model_memory_count_cannot_exceed_harvest_limit" time="0.001" /><testcase classname="tests.test_dream_cycle" name="test_dream_empty_repository_returns_none_no_event" time="0.002" /><testcase classname="tests.test_dream_cycle" name="test_dream_cluster_creates_one_memory_with_all_source_seed_ids" time="0.003" /><testcase classname="tests.test_dream_cycle" name="test_dream_restores_seed_status_when_cluster_court_does_not_plant" time="0.003" /><testcase classname="tests.test_dream_cycle" name="test_dream_record_text_fields_non_empty" time="0.003" /><testcase classname="tests.test_dream_cycle" name="test_negative_short_seed_compost_no_memory_card" time="0.003" /><testcase classname="tests.test_dream_cycle" name="test_dream_writes_dream_completed_event_with_metadata" time="0.003" /><testcase classname="tests.test_dream_cycle" name="test_dream_excludes_greenhouse_memories_by_default" time="0.002" /><testcase classname="tests.test_dream_cycle" name="test_transformation_lists_actions_and_ids_not_plain_summary" time="0.003" /><testcase classname="tests.test_dream_reflective" name="test_dream_mode_enum" time="0.001" /><testcase classname="tests.test_dream_reflective" name="test_dream_proposal_constructs" time="0.001" /><testcase classname="tests.test_dream_reflective" name="test_dream_trace_constructs" time="0.001" /><testcase classname="tests.test_dream_reflective" name="test_validate_proposal_empty_source_ids" time="0.001" /><testcase classname="tests.test_dream_reflective" name="test_validate_proposal_foreign_source_id" time="0.001" /><testcase classname="tests.test_dream_reflective" name="test_validate_proposal_empty_title" time="0.001" /><testcase classname="tests.test_dream_reflective" name="test_validate_proposal_confidence_oob" time="0.001" /><testcase classname="tests.test_dream_reflective" name="test_validate_batch" time="0.001" /><testcase classname="tests.test_dream_reflective" name="test_rules_only_produces_tag_clusters" time="0.001" /><testcase classname="tests.test_dream_reflective" name="test_reflective_with_provider" time="0.001" /><testcase classname="tests.test_dream_reflective" name="test_reflective_falls_back_when_no_provider" time="0.001" /><testcase classname="tests.test_dream_reflective" name="test_reflective_provider_exception_falls_back" time="0.001" /><testcase classname="tests.test_dream_reflective" name="test_reflective_invalid_provider_output_falls_back" time="0.001" /><testcase classname="tests.test_dream_reflective" name="test_reflective_empty_provider_output_falls_back" time="0.001" /><testcase classname="tests.test_dream_reflective" name="test_reflective_trace_has_input_ids" time="0.001" /><testcase classname="tests.test_dream_reflective" name="test_reflective_trace_has_proposal_ids" time="0.001" /><testcase classname="tests.test_dream_reflective" name="test_reflective_does_not_modify_memories" time="0.001" /><testcase classname="tests.test_dream_reflective" name="test_empty_memories_returns_empty_batch" time="0.001" /><testcase classname="tests.test_dream_reflective" name="test_fake_weaver_satisfies_protocol" time="0.001" /><testcase classname="tests.test_dream_reflective" name="test_fake_weaver_presets" time="0.001" /><testcase classname="tests.test_dream_reflective" name="test_fake_weaver_discovers_duplicates" time="0.001" /><testcase classname="tests.test_dream_reflective" name="test_fixture_anti_ai_phrasing" time="0.001" /><testcase classname="tests.test_dream_reflective" name="test_fixture_engineering_values" time="0.001" /><testcase classname="tests.test_dream_reflective" name="test_fixture_conflicting_preferences" time="0.001" /><testcase classname="tests.test_dream_reflective" name="test_no_memory_garden_created" time="0.005" /><testcase classname="tests.test_e2e_sdk" name="test_e2e_full_cycle_with_covenant" time="0.029" /><testcase classname="tests.test_e2e_sdk" name="test_e2e_health_and_summary" time="0.034" /><testcase classname="tests.test_e2e_sdk" name="test_e2e_no_covenant_no_error" time="0.027" /><testcase classname="tests.test_e2e_sdk" name="test_e2e_mock_providers_satisfy_contracts" time="0.001" /><testcase classname="tests.test_e2e_sdk" name="test_e2e_provider_registry_composition" time="0.001" /><testcase classname="tests.test_e2e_sdk" name="test_e2e_observe_cli" time="0.040" /><testcase classname="tests.test_e2e_sdk" name="test_e2e_no_memory_garden_created" time="0.032" /><testcase classname="tests.test_forget_content_proof" name="test_build_content_probes_safe_dump_excludes_match_tokens" time="0.002" /><testcase classname="tests.test_forget_content_proof" name="test_redact_token_masks_plaintext" time="0.001" /><testcase classname="tests.test_forget_content_proof" name="test_proof_json_redaction_detects_plaintext_leaks" time="0.001" /><testcase classname="tests.test_forget_content_proof" name="test_content_proof_passes_after_hard_forget" time="0.158" /><testcase classname="tests.test_forget_content_proof" name="test_db_content_scan_fails_when_payload_leaks" time="0.041" /><testcase classname="tests.test_forget_content_proof" name="test_cascade_false_lineage_residual_is_skipped_not_failed" time="0.068" /><testcase classname="tests.test_forget_content_proof" name="test_plan_hard_forget_includes_content_probes" time="0.041" /><testcase classname="tests.test_forget_content_proof" name="test_execute_hard_forget_records_content_probe_fingerprint" time="0.068" /><testcase classname="tests.test_forget_proof" name="test_prove_forget_all_surfaces_pass_after_hard_forget" time="0.116" /><testcase classname="tests.test_forget_proof" name="test_prove_forget_fails_when_memory_still_exists" time="0.093" /><testcase classname="tests.test_forget_proof" name="test_prove_forget_db_row_check" time="0.079" /><testcase classname="tests.test_forget_proof" name="test_prove_forget_fts_check" time="0.081" /><testcase classname="tests.test_forget_proof" name="test_prove_forget_search_check" time="0.083" /><testcase classname="tests.test_forget_proof" name="test_prove_forget_bundle_checks" time="0.101" /><testcase classname="tests.test_forget_proof" name="test_prove_forget_no_db_skips_gracefully" time="0.034" /><testcase classname="tests.test_forget_proof" name="test_prove_forget_does_not_create_memory_garden" time="0.094" /><testcase classname="tests.test_forget_proof" name="test_proof_models_json_roundtrip" time="0.001" /><testcase classname="tests.test_framework_adapters" name="test_anthropic_imports" time="0.005" /><testcase classname="tests.test_framework_adapters" name="test_anthropic_wraps_client" time="0.029" /><testcase classname="tests.test_framework_adapters" name="test_llamaindex_imports" time="0.006" /><testcase classname="tests.test_framework_adapters" name="test_llamaindex_memory_interface" time="0.031" /><testcase classname="tests.test_framework_adapters" name="test_fastapi_imports" time="0.005" /><testcase classname="tests.test_framework_adapters" name="test_fastapi_before_after_cycle" time="0.029" /><testcase classname="tests.test_framework_adapters" name="test_fastapi_open_close" time="0.027" /><testcase classname="tests.test_framework_adapters" name="test_anthropic_uses_llm_brief_writer_when_provider_available" time="0.031" /><testcase classname="tests.test_framework_adapters" name="test_fastapi_uses_llm_brief_writer_when_provider_available" time="0.030" /><testcase classname="tests.test_framework_adapters" name="test_langchain_uses_llm_brief_writer_when_provider_available" time="0.037" /><testcase classname="tests.test_framework_adapters" name="test_llamaindex_uses_llm_brief_writer_when_provider_available" time="0.034" /><testcase classname="tests.test_framework_adapters" name="test_langgraph_uses_llm_brief_writer_when_provider_available" time="0.036" /><testcase classname="tests.test_framework_adapters" name="test_hermes_before_reply_uses_llm_brief_writer_when_provider_available" time="0.039" /><testcase classname="tests.test_framework_adapters" name="test_hermes_error_turn_does_not_raise" time="0.031" /><testcase classname="tests.test_framework_adapters" name="test_langgraph_imports" time="0.001" /><testcase classname="tests.test_framework_adapters" name="test_langgraph_node_injects_context" time="0.031" /><testcase classname="tests.test_framework_adapters" name="test_langgraph_memory_full_cycle" time="0.031" /><testcase classname="tests.test_framework_adapters" name="test_all_adapters_no_memory_garden_created" time="0.057" /><testcase classname="tests.test_garden_harvester" name="test_harvest_runs_full_pipeline_and_returns_trace" time="0.002" /><testcase classname="tests.test_garden_harvester" name="test_empty_memories_no_error" time="0.001" /><testcase classname="tests.test_garden_harvester" name="test_no_matching_candidates_no_error" time="0.001" /><testcase classname="tests.test_garden_harvester" name="test_model_calls_always_empty_stub" time="0.001" /><testcase classname="tests.test_garden_harvester" name="test_max_candidates_caps_rank_allow_list" time="0.002" /><testcase classname="tests.test_garden_harvester" name="test_greenhouse_memory_not_in_positive_source_ids_when_allowed_in_pipeline" time="0.001" /><testcase classname="tests.test_garden_harvester" name="test_input_memory_cards_not_mutated" time="0.002" /><testcase classname="tests.test_garden_harvester" name="test_trace_json_dumpable_without_harvester_constructing_story_blob" time="0.001" /><testcase classname="tests.test_garden_harvester" name="test_source_memory_ids_come_from_brief_only_logical_path" time="0.002" /><testcase classname="tests.test_garden_harvester" name="test_harvester_module_skips_ml_and_repository_surface" time="0.002" /><testcase classname="tests.test_garden_harvester" name="test_harvester_does_not_import_runtime_module_directly" time="0.001" /><testcase classname="tests.test_garden_harvester" name="test_policy_default_lenses_in_effective_query_and_trace" time="0.001" /><testcase classname="tests.test_garden_harvester" name="test_collector_and_trace_lenses_match_effective_pipeline" time="0.002" /><testcase classname="tests.test_garden_harvester" name="test_original_harvest_query_not_mutated_when_policy_adds_lenses" time="0.001" /><testcase classname="tests.test_garden_harvester" name="test_policy_none_preserves_original_query_lens_and_identity" time="0.001" /><testcase classname="tests.test_garden_harvester" name="test_dependency_injection_invocation_order" time="0.001" /><testcase classname="tests.test_garden_observer" name="test_observe_harvest_returns_observation_view" time="0.001" /><testcase classname="tests.test_garden_observer" name="test_trace_harvest_returns_observation_trace" time="0.001" /><testcase classname="tests.test_garden_observer" name="test_observe_journal_empty_list_ok" time="0.001" /><testcase classname="tests.test_garden_observer" name="test_observe_runtime_turn_no_args_ok" time="0.001" /><testcase classname="tests.test_garden_observer" name="test_redaction_level_internal_passed_to_view" time="0.002" /><testcase classname="tests.test_garden_observer" name="test_facade_call_order_trace_then_view" time="0.001" /><testcase classname="tests.test_garden_observer" name="test_inputs_not_mutated" time="0.002" /><testcase classname="tests.test_garden_observer" name="test_outputs_json_serializable" time="0.002" /><testcase classname="tests.test_garden_observer" name="test_observer_module_has_no_sqlite_reference" time="0.002" /><testcase classname="tests.test_garden_observer" name="test_package_exports_garden_observer" time="0.001" /><testcase classname="tests.test_garden_skill" name="test_skill_open_returns_session_id" time="0.026" /><testcase classname="tests.test_garden_skill" name="test_skill_before_returns_context" time="0.027" /><testcase classname="tests.test_garden_skill" name="test_skill_before_injects_into_messages" time="0.034" /><testcase classname="tests.test_garden_skill" name="test_skill_chat_full_cycle" time="0.028" /><testcase classname="tests.test_garden_skill" name="test_skill_auto_opens_on_before" time="0.028" /><testcase classname="tests.test_garden_skill" name="test_skill_context_to_system_prefix" time="0.034" /><testcase classname="tests.test_garden_skill" name="test_skill_no_memory_garden_created" time="0.029" /><testcase classname="tests.test_garden_skill" name="test_skill_health_and_summary" time="0.032" /><testcase classname="tests.test_garden_skill" name="test_skill_as_skill_method" time="0.025" /><testcase classname="tests.test_garden_skill" name="test_openai_adapter_imports" time="0.005" /><testcase classname="tests.test_garden_skill" name="test_openai_adapter_wraps_client" time="0.035" /><testcase classname="tests.test_garden_skill" name="test_openai_adapter_uses_llm_brief_writer_when_provider_available" time="0.028" /><testcase classname="tests.test_garden_skill" name="test_langchain_memory_interface" time="0.028" /><testcase classname="tests.test_garden_skill" name="test_langchain_runnable_imports" time="0.001" /><testcase classname="tests.test_garden_tick" name="test_tick_closed_is_noop" time="0.016" /><testcase classname="tests.test_garden_tick" name="test_pending_below_threshold_no_court" time="0.002" /><testcase classname="tests.test_garden_tick" name="test_pending_meets_threshold_opens_court" time="0.003" /><testcase classname="tests.test_garden_tick" name="test_strong_signal_triggers_court" time="0.002" /><testcase classname="tests.test_garden_tick" name="test_turn_below_dream_threshold_no_dream" time="0.002" /><testcase classname="tests.test_garden_tick" name="test_turn_meets_dream_threshold_calls_dream" time="0.003" /><testcase classname="tests.test_garden_tick" name="test_policy_disable_blocks_court" time="0.003" /><testcase classname="tests.test_garden_tick" name="test_topic_shift_records_reason_without_forcing_dream" time="0.002" /><testcase classname="tests.test_garden_tick" name="test_tick_module_has_no_growth_actions" time="0.002" /><testcase classname="tests.test_garden_tick" name="test_tick_returns_traceable_ids_and_reasons" time="0.003" /><testcase classname="tests.test_garden_tick" name="test_tick_no_user_visible_feedback_field" time="0.001" /><testcase classname="tests.test_greenhouse" name="test_greenhouse_sets_lifecycle_and_record" time="0.002" /><testcase classname="tests.test_greenhouse" name="test_greenhouse_updates_updated_at" time="0.002" /><testcase classname="tests.test_greenhouse" name="test_greenhouse_writes_event" time="0.002" /><testcase classname="tests.test_greenhouse" name="test_list_memory_cards_excludes_greenhouse_by_default" time="0.002" /><testcase classname="tests.test_greenhouse" name="test_greenhouse_missing_memory_raises" time="0.004" /><testcase classname="tests.test_greenhouse" name="test_greenhouse_rejects_pruned" time="0.002" /><testcase classname="tests.test_greenhouse" name="test_greenhouse_rejects_composted_lifecycle" time="0.002" /><testcase classname="tests.test_greenhouse" name="test_greenhouse_empty_reason_raises" time="0.002" /><testcase classname="tests.test_harvest_bouquet" name="test_high_scores_go_primary" time="0.001" /><testcase classname="tests.test_harvest_bouquet" name="test_moderate_goes_support_not_primary" time="0.001" /><testcase classname="tests.test_harvest_bouquet" name="test_greenhouse_not_primary" time="0.001" /><testcase classname="tests.test_harvest_bouquet" name="test_pruned_prefers_guardrail_not_primary" time="0.001" /><testcase classname="tests.test_harvest_bouquet" name="test_composted_goes_guardrail" time="0.001" /><testcase classname="tests.test_harvest_bouquet" name="test_rejected_not_in_bouquet" time="0.001" /><testcase classname="tests.test_harvest_bouquet" name="test_max_candidates_limits_placements" time="0.001" /><testcase classname="tests.test_harvest_bouquet" name="test_missing_score_not_primary_slot" time="0.001" /><testcase classname="tests.test_harvest_bouquet" name="test_missing_score_with_normal_lifecycle_is_guardrail_not_crash" time="0.001" /><testcase classname="tests.test_harvest_bouquet" name="test_metadata_traces_ids" time="0.001" /><testcase classname="tests.test_harvest_bouquet" name="test_no_long_concatenated_body_in_bouquet_dump" time="0.001" /><testcase classname="tests.test_harvest_bouquet" name="test_builder_preserves_upstream_objects" time="0.001" /><testcase classname="tests.test_harvest_bouquet" name="test_bouquet_json_roundtrip" time="0.001" /><testcase classname="tests.test_harvest_bouquet" name="test_bouquet_module_no_ml_patterns" time="0.002" /><testcase classname="tests.test_harvest_bouquet" name="test_token_soft_budget_excludes_overflow" time="0.001" /><testcase classname="tests.test_harvest_bouquet" name="test_bouquet_uses_injected_primary_threshold_and_core_quota" time="0.001" /><testcase classname="tests.test_harvest_brief" name="test_primary_memory_id_in_use_and_sources" time="0.001" /><testcase classname="tests.test_harvest_brief" name="test_corroboration_can_appear_in_use_and_nudge_references_corroboration" time="0.001" /><testcase classname="tests.test_harvest_brief" name="test_guardrail_in_avoid_not_in_source_ids" time="0.001" /><testcase classname="tests.test_harvest_brief" name="test_greenhouse_not_written_as_positive_reference" time="0.001" /><testcase classname="tests.test_harvest_brief" name="test_source_memory_ids_dedup_and_subset_of_bouquet_positives" time="0.001" /><testcase classname="tests.test_harvest_brief" name="test_excluded_candidate_not_in_source_ids" time="0.001" /><testcase classname="tests.test_harvest_brief" name="test_token_estimate_positive_integer_deterministic" time="0.001" /><testcase classname="tests.test_harvest_brief" name="test_harvest_brief_json_roundtrip" time="0.001" /><testcase classname="tests.test_harvest_brief" name="test_to_runtime_brief_has_no_token_or_mode_fields" time="0.001" /><testcase classname="tests.test_harvest_brief" name="test_brief_dump_not_embedding_source_memory_blob" time="0.001" /><testcase classname="tests.test_harvest_brief" name="test_writer_preserves_input_objects" time="0.001" /><testcase classname="tests.test_harvest_brief" name="test_brief_writer_source_has_no_ml_stack" time="0.002" /><testcase classname="tests.test_harvest_brief" name="test_policy_changes_brief_mode" time="0.001" /><testcase classname="tests.test_harvest_collector" name="test_query_hits_title_generates_candidate" time="0.002" /><testcase classname="tests.test_harvest_collector" name="test_query_hits_essence_generates_candidate" time="0.003" /><testcase classname="tests.test_harvest_collector" name="test_query_tags_intersect_memory_tags" time="0.002" /><testcase classname="tests.test_harvest_collector" name="test_irrelevant_memory_excluded" time="0.001" /><testcase classname="tests.test_harvest_collector" name="test_greenhouse_skipped_by_default" time="0.001" /><testcase classname="tests.test_harvest_collector" name="test_greenhouse_allowed_via_query_metadata" time="0.002" /><testcase classname="tests.test_harvest_collector" name="test_sprout_and_bloom_can_match" time="0.002" /><testcase classname="tests.test_harvest_collector" name="test_candidate_preserves_memory_id_and_lens_metadata" time="0.002" /><testcase classname="tests.test_harvest_collector" name="test_collect_does_not_invoke_llm_embedding_vector_rerank" time="0.002" /><testcase classname="tests.test_harvest_collector" name="test_collect_does_not_mutate_memory_cards" time="0.001" /><testcase classname="tests.test_harvest_collector" name="test_collect_results_json_roundtrip" time="0.002" /><testcase classname="tests.test_harvest_collector" name="test_roots_and_branches_keyword_match" time="0.002" /><testcase classname="tests.test_harvest_collector" name="test_fragrance_thorns_fields_match" time="0.001" /><testcase classname="tests.test_harvest_collector" name="test_tag_hit_matched_lenses_subset_not_all_query_lenses" time="0.001" /><testcase classname="tests.test_harvest_collector" name="test_tag_only_empty_matched_lenses_when_no_lens_aligns_but_json_serializable" time="0.001" /><testcase classname="tests.test_harvest_collector" name="test_collector_uses_injected_snippet_and_term_limits" time="0.002" /><testcase classname="tests.test_harvest_hybrid.TestCognitiveFallback" name="test_without_providers_falls_back_to_rules_only" time="0.002" /><testcase classname="tests.test_harvest_hybrid.TestCognitiveFallback" name="test_harvest_still_works_normally" time="0.002" /><testcase classname="tests.test_harvest_hybrid.TestHarvestCognitive" name="test_cognitive_produces_brief_and_trace" time="0.005" /><testcase classname="tests.test_harvest_hybrid.TestHarvestCognitive" name="test_cognitive_hybrid_mode" time="0.005" /><testcase classname="tests.test_harvest_hybrid.TestHarvestCognitive" name="test_cognitive_brief_has_source_memory_ids" time="0.004" /><testcase classname="tests.test_harvest_hybrid.TestHarvestCognitive" name="test_cognitive_no_invented_memory_ids" time="0.004" /><testcase classname="tests.test_harvest_hybrid.TestHarvestCognitive" name="test_cognitive_with_budget_policy" time="0.004" /><testcase classname="tests.test_harvest_hybrid.TestHarvestCognitive" name="test_cognitive_rules_only_mode" time="0.002" /><testcase classname="tests.test_harvest_hybrid.TestHarvestCognitive" name="test_cognitive_trace_has_score_breakdown" time="0.005" /><testcase classname="tests.test_harvest_hybrid.TestHarvestCognitive" name="test_cognitive_empty_memories" time="0.002" /><testcase classname="tests.test_harvest_hybrid.TestHarvestCognitive" name="test_semantic_only_empty_recall_does_not_reference_rule_locals" time="0.001" /><testcase classname="tests.test_harvest_hybrid.TestHarvestCognitive" name="test_bad_reranker_output_falls_back_without_invented_ids" time="0.005" /><testcase classname="tests.test_harvest_hybrid.TestHarvestCognitive" name="test_bad_brief_writer_output_falls_back_to_traceable_sources" time="0.004" /><testcase classname="tests.test_harvest_models" name="test_memory_lens_roundtrip" time="0.001" /><testcase classname="tests.test_harvest_models" name="test_harvest_query_roundtrip" time="0.001" /><testcase classname="tests.test_harvest_models" name="test_memory_candidate_and_score_roundtrip" time="0.001" /><testcase classname="tests.test_harvest_models" name="test_harvest_policy_decision_roundtrip" time="0.001" /><testcase classname="tests.test_harvest_models" name="test_garden_bouquet_roundtrip" time="0.001" /><testcase classname="tests.test_harvest_models" name="test_harvest_garden_brief_fields_and_runtime_bridge" time="0.001" /><testcase classname="tests.test_harvest_models" name="test_harvest_garden_brief_empty_field_rejected" time="0.001" /><testcase classname="tests.test_harvest_models" name="test_harvest_trace_chains_components" time="0.001" /><testcase classname="tests.test_harvest_models" name="test_harvest_budget_policy_roundtrip" time="0.001" /><testcase classname="tests.test_harvest_models" name="test_provider_modules_have_no_vendor_imports" time="0.003" /><testcase classname="tests.test_harvest_ranking" name="test_higher_relevance_first" time="0.001" /><testcase classname="tests.test_harvest_ranking" name="test_stable_when_relevance_equal" time="0.001" /><testcase classname="tests.test_harvest_ranking" name="test_policy_boost_tiebreak_not_overriding_relevance" time="0.001" /><testcase classname="tests.test_harvest_ranking" name="test_missing_score_goes_last" time="0.001" /><testcase classname="tests.test_harvest_ranking" name="test_max_candidates_truncates_trailing_low_scores_not_promoted" time="0.001" /><testcase classname="tests.test_harvest_ranking" name="test_recency_breaks_tie_when_relevance_equal" time="0.001" /><testcase classname="tests.test_harvest_ranking" name="test_neutral_recency_same_relevance_stable_order" time="0.001" /><testcase classname="tests.test_harvest_ranking" name="test_low_relevance_greenhouse_like_stays_rear" time="0.001" /><testcase classname="tests.test_harvest_ranking" name="test_ranker_preserves_candidate_object_identity" time="0.001" /><testcase classname="tests.test_harvest_ranking" name="test_ranker_preserves_score_object_identity" time="0.001" /><testcase classname="tests.test_harvest_ranking" name="test_rank_outcome_json_roundtrip" time="0.001" /><testcase classname="tests.test_harvest_ranking" name="test_ranking_module_has_no_ml_stack_strings" time="0.003" /><testcase classname="tests.test_harvest_ranking" name="test_reject_lists_non_ranked_under_cap" time="0.001" /><testcase classname="tests.test_harvest_scoring" name="test_one_score_per_candidate_in_order" time="0.001" /><testcase classname="tests.test_harvest_scoring" name="test_lexical_candidate_scores_above_weak_candidate" time="0.001" /><testcase classname="tests.test_harvest_scoring" name="test_tag_metadata_candidate_scores_above_no_channel_candidate" time="0.001" /><testcase classname="tests.test_harvest_scoring" name="test_more_matched_lenses_boosts_notes_and_score" time="0.001" /><testcase classname="tests.test_harvest_scoring" name="test_greenhouse_downweighted_and_risk_flag" time="0.001" /><testcase classname="tests.test_harvest_scoring" name="test_pruned_composted_downweighted" time="0.001" /><testcase classname="tests.test_harvest_scoring" name="test_long_thorns_slight_penalty" time="0.001" /><testcase classname="tests.test_harvest_scoring" name="test_scorer_uses_injected_thorns_penalty_tiers" time="0.001" /><testcase classname="tests.test_harvest_scoring" name="test_harvest_score_json_roundtrip" time="0.001" /><testcase classname="tests.test_harvest_scoring" name="test_scorer_source_has_no_ml_stack" time="0.002" /><testcase classname="tests.test_harvest_scoring" name="test_scorer_does_not_mutate_candidates" time="0.001" /><testcase classname="tests.test_harvest_scoring" name="test_missing_source_memory_conservative_but_valid" time="0.001" /><testcase classname="tests.test_harvest_scoring" name="test_recency_computed_from_timestamp_and_differs_from_confidence" time="0.001" /><testcase classname="tests.test_harvest_scoring" name="test_recent_memory_ranks_above_stale_when_relevance_equal" time="0.002" /><testcase classname="tests.test_harvest_scoring" name="test_canonical_old_memory_keeps_high_recency" time="0.001" /><testcase classname="tests.test_harvest_scoring" name="test_confidence_still_affects_relevance" time="0.001" /><testcase classname="tests.test_integration_async" name="test_huahua_open_async_short_circuit_no_agent_no_observe_no_seed" time="0.011" /><testcase classname="tests.test_integration_async" name="test_huahua_close_returns_feedback_no_agent" time="0.005" /><testcase classname="tests.test_integration_async" name="test_closed_plain_before_noop_no_observe_but_agent_after_run" time="0.004" /><testcase classname="tests.test_integration_async" name="test_open_plain_runs_before_await_agent_after" time="0.005" /><testcase classname="tests.test_integration_async" name="test_brief_injected_into_async_agent" time="0.005" /><testcase classname="tests.test_integration_async" name="test_brief_injection_none_skips_extra_context" time="0.004" /><testcase classname="tests.test_integration_async" name="test_assistant_reply_not_alone_in_seed" time="0.006" /><testcase classname="tests.test_integration_async" name="test_async_agent_string_to_integration_result" time="0.005" /><testcase classname="tests.test_integration_async" name="test_async_agent_agent_reply_result_events" time="0.004" /><testcase classname="tests.test_integration_async" name="test_debug_default_off" time="0.005" /><testcase classname="tests.test_integration_async" name="test_debug_on_short_notes" time="0.005" /><testcase classname="tests.test_integration_async" name="test_agent_error_wraps" time="0.006" /><testcase classname="tests.test_integration_async" name="test_runtime_error_wraps" time="0.006" /><testcase classname="tests.test_integration_async" name="test_metadata_immutable" time="0.006" /><testcase classname="tests.test_integration_async" name="test_async_module_no_vendor_sqlite_tokens" time="0.003" /><testcase classname="tests.test_integration_async" name="test_package_exports_async_adapter" time="0.001" /><testcase classname="tests.test_integration_async" name="test_results_json_dump" time="0.006" /><testcase classname="tests.test_integration_contracts" name="test_sync_command_not_memorized" time="0.002" /><testcase classname="tests.test_integration_contracts" name="test_sync_non_command_is_not_short_circuited" time="0.002" /><testcase classname="tests.test_integration_contracts" name="test_async_command_not_memorized" time="0.003" /><testcase classname="tests.test_integration_contracts" name="test_async_full_cycle" time="0.004" /><testcase classname="tests.test_integration_contracts" name="test_sync_and_async_both_reject_non_command_in_closed_state" time="0.002" /><testcase classname="tests.test_integration_contracts" name="test_both_adapters_share_same_command_set" time="0.011" /><testcase classname="tests.test_integration_contracts" name="test_brief_injection_modes_exist" time="0.004" /><testcase classname="tests.test_integration_examples" name="test_example_module_import_does_not_run_main" time="0.008" /><testcase classname="tests.test_integration_examples" name="test_build_demo_adapter_and_run_demo" time="0.008" /><testcase classname="tests.test_integration_examples" name="test_command_turns_do_not_invoke_fake_agent" time="0.003" /><testcase classname="tests.test_integration_examples" name="test_open_plain_message_invokes_fake_agent" time="0.003" /><testcase classname="tests.test_integration_examples" name="test_example_source_no_provider_or_api_key_tokens" time="0.002" /><testcase classname="tests.test_integration_examples" name="test_run_demo_no_workspace_db_files" time="0.010" /><testcase classname="tests.test_integration_examples" name="test_quickstart_doc_exists_and_states_boundaries" time="0.002" /><testcase classname="tests.test_integration_full_pipeline.TestCoreLifecyclePipeline" name="test_full_rule_pipeline_plant_flow" time="0.004" /><testcase classname="tests.test_integration_full_pipeline.TestCoreLifecyclePipeline" name="test_full_rule_pipeline_compost_negative" time="0.004" /><testcase classname="tests.test_integration_full_pipeline.TestCoreLifecyclePipeline" name="test_pipeline_with_multiple_seeds_and_memories" time="0.004" /><testcase classname="tests.test_integration_full_pipeline.TestCoreLifecyclePipeline" name="test_dream_cycle_no_crash" time="0.003" /><testcase classname="tests.test_integration_full_pipeline.TestCoreLifecyclePipeline" name="test_hard_forget_removes_memory" time="0.003" /><testcase classname="tests.test_integration_full_pipeline.TestHarvestPipeline" name="test_rule_only_harvest_produces_trace" time="0.004" /><testcase classname="tests.test_integration_full_pipeline.TestHarvestPipeline" name="test_hybrid_harvest_with_fake_providers" time="0.005" /><testcase classname="tests.test_integration_full_pipeline.TestHarvestPipeline" name="test_hybrid_auto_fallback_to_rules_only" time="0.003" /><testcase classname="tests.test_integration_full_pipeline.TestCognitionPipeline" name="test_full_cognition_trio" time="0.006" /><testcase classname="tests.test_integration_full_pipeline.TestCognitionPipeline" name="test_court_shadow_disabled_mode_skips_advisor" time="0.002" /><testcase classname="tests.test_integration_full_pipeline.TestProductPipeline" name="test_full_product_lifecycle" time="0.115" /><testcase classname="tests.test_integration_full_pipeline.TestProductPipeline" name="test_product_trusted_mode_auto_approve" time="0.064" /><testcase classname="tests.test_integration_full_pipeline.TestProductPipeline" name="test_product_retrieve_with_strategy_context" time="0.083" /><testcase classname="tests.test_integration_full_pipeline.TestProductPipeline" name="test_product_cautious_mode_requires_confirmation" time="0.057" /><testcase classname="tests.test_integration_full_pipeline.TestProductPipeline" name="test_product_remember_uses_provider_extraction" time="0.058" /><testcase classname="tests.test_integration_full_pipeline.TestProductPipeline" name="test_product_retrieve_with_reranker" time="0.084" /><testcase classname="tests.test_integration_full_pipeline.TestSoilForgetPipeline" name="test_plan_execute_prove_forget_cycle" time="0.116" /><testcase classname="tests.test_integration_full_pipeline.TestSoilForgetPipeline" name="test_forget_without_cascade_leaves_related_entities" time="0.029"><skipped type="pytest.skip" message="No memories created"><project-root>\tests\test_integration_full_pipeline.py:518: No memories created</skipped></testcase><testcase classname="tests.test_integration_full_pipeline.TestRuntimeSession" name="test_full_session_with_memory_growth" time="0.035" /><testcase classname="tests.test_integration_full_pipeline.TestRuntimeSession" name="test_skill_open_before_and_after" time="0.032" /><testcase classname="tests.test_integration_full_pipeline.TestRuntimeSession" name="test_provider_registry_composition" time="0.001" /><testcase classname="tests.test_integration_full_pipeline.TestRuntimeSession" name="test_full_cycle_persists_memories_between_sessions" time="0.031" /><testcase classname="tests.test_integration_models" name="test_brief_injection_mode_enum_complete" time="0.001" /><testcase classname="tests.test_integration_models" name="test_garden_adapter_config_defaults_local_first" time="0.001" /><testcase classname="tests.test_integration_models" name="test_integration_result_minimal_reply_only_round_trip" time="0.001" /><testcase classname="tests.test_integration_models" name="test_integration_result_full_round_trip" time="0.001" /><testcase classname="tests.test_integration_models" name="test_agent_reply_result_round_trip" time="0.001" /><testcase classname="tests.test_integration_models" name="test_integration_debug_info_optional_serializable" time="0.001" /><testcase classname="tests.test_integration_models" name="test_chat_agent_protocol_sync_fake" time="0.001" /><testcase classname="tests.test_integration_models" name="test_async_chat_agent_protocol_fake" time="0.002" /><testcase classname="tests.test_integration_models" name="test_error_hierarchy" time="0.001" /><testcase classname="tests.test_integration_models" name="test_integration_package_sources_no_vendor_vector_defaults" time="0.008" /><testcase classname="tests.test_integration_models" name="test_package_exports_integration_contracts" time="0.001" /><testcase classname="tests.test_integration_sync" name="test_huahua_open_short_circuit_no_agent_no_after_no_seed" time="0.002" /><testcase classname="tests.test_integration_sync" name="test_huahua_close_returns_feedback_no_agent_no_after_reply" time="0.002" /><testcase classname="tests.test_integration_sync" name="test_closed_plain_message_before_noop_no_observe_but_agent_after_run" time="0.002" /><testcase classname="tests.test_integration_sync" name="test_open_plain_runs_before_agent_after_chain" time="0.002" /><testcase classname="tests.test_integration_sync" name="test_brief_injected_per_context_argument_mode" time="0.002" /><testcase classname="tests.test_integration_sync" name="test_brief_injection_none_skips_extra_context" time="0.001" /><testcase classname="tests.test_integration_sync" name="test_assistant_reply_not_alone_in_seed_memory" time="0.002" /><testcase classname="tests.test_integration_sync" name="test_agent_string_reply_wrapped_in_integration_result" time="0.001" /><testcase classname="tests.test_integration_sync" name="test_agent_agent_reply_result_preserves_metadata_in_events" time="0.001" /><testcase classname="tests.test_integration_sync" name="test_debug_default_off" time="0.002" /><testcase classname="tests.test_integration_sync" name="test_debug_on_has_short_notes" time="0.001" /><testcase classname="tests.test_integration_sync" name="test_agent_error_wraps_integration_agent_error" time="0.002" /><testcase classname="tests.test_integration_sync" name="test_runtime_error_wraps_integration_runtime_error" time="0.001" /><testcase classname="tests.test_integration_sync" name="test_metadata_not_mutated" time="0.002" /><testcase classname="tests.test_integration_sync" name="test_sync_module_no_vendor_defaults" time="0.001" /><testcase classname="tests.test_integration_sync" name="test_package_exports_sync_adapter" time="0.001" /><testcase classname="tests.test_integration_sync" name="test_command_and_chat_results_json_dump" time="0.002" /><testcase classname="tests.test_ir_metrics" name="test_ndcg_perfect_ranking" time="0.001" /><testcase classname="tests.test_ir_metrics" name="test_mrr_first_hit" time="0.001" /><testcase classname="tests.test_ir_metrics" name="test_map_and_r_precision" time="0.001" /><testcase classname="tests.test_ir_metrics" name="test_latency_percentiles" time="0.001" /><testcase classname="tests.test_journal" name="test_record_event_seed_created" time="0.002" /><testcase classname="tests.test_journal" name="test_record_event_court_opened" time="0.001" /><testcase classname="tests.test_journal" name="test_record_event_memory_planted" time="0.001" /><testcase classname="tests.test_journal" name="test_metadata_roundtrip" time="0.001" /><testcase classname="tests.test_journal" name="test_metadata_none_becomes_empty_dict" time="0.001" /><testcase classname="tests.test_journal" name="test_recent_events_returns_garden_event_instances" time="0.002" /><testcase classname="tests.test_journal" name="test_recent_events_delegates_to_repository" time="0.001" /><testcase classname="tests.test_journal" name="test_empty_summary_validation_fails" time="0.002" /><testcase classname="tests.test_journal" name="test_journal_does_not_use_print_or_logging" time="0.001" /><testcase classname="tests.test_lab_case_loader" name="test_load_case_from_dict_minimal" time="0.001" /><testcase classname="tests.test_lab_case_loader" name="test_load_case_from_dict_full" time="0.001" /><testcase classname="tests.test_lab_case_loader" name="test_load_case_from_json" time="0.001" /><testcase classname="tests.test_lab_case_loader" name="test_load_suite_from_dict" time="0.001" /><testcase classname="tests.test_lab_case_loader" name="test_load_suite_from_json" time="0.001" /><testcase classname="tests.test_lab_case_loader" name="test_id_alias_for_case_id" time="0.001" /><testcase classname="tests.test_lab_case_loader" name="test_id_alias_for_suite_id" time="0.001" /><testcase classname="tests.test_lab_case_loader" name="test_title_alias_for_name" time="0.001" /><testcase classname="tests.test_lab_case_loader" name="test_name_preferred_over_title" time="0.001" /><testcase classname="tests.test_lab_case_loader" name="test_invalid_json_raises_error" time="0.001" /><testcase classname="tests.test_lab_case_loader" name="test_json_not_an_object_raises_error" time="0.001" /><testcase classname="tests.test_lab_case_loader" name="test_unknown_assertion_type_raises_error" time="0.001" /><testcase classname="tests.test_lab_case_loader" name="test_unknown_target_raises_error" time="0.001" /><testcase classname="tests.test_lab_case_loader" name="test_assertions_not_list_raises_error" time="0.001" /><testcase classname="tests.test_lab_case_loader" name="test_cases_not_list_raises_error" time="0.001" /><testcase classname="tests.test_lab_case_loader" name="test_loader_does_not_import_runner" time="0.005" /><testcase classname="tests.test_lab_case_loader" name="test_loader_does_not_create_garden_paths" time="0.006" /><testcase classname="tests.test_lab_case_loader" name="test_loader_source_bans_external_infra_tokens" time="0.001" /><testcase classname="tests.test_lab_case_loader" name="test_loader_test_module_does_not_import_forbidden_entries" time="0.007" /><testcase classname="tests.test_lab_case_loader" name="test_missing_case_id_raises_error" time="0.001" /><testcase classname="tests.test_lab_case_loader" name="test_missing_suite_id_raises_error" time="0.001" /><testcase classname="tests.test_lab_case_loader" name="test_missing_assertion_type_in_assertion_raises_error" time="0.001" /><testcase classname="tests.test_lab_case_loader" name="test_missing_target_in_assertion_raises_error" time="0.001" /><testcase classname="tests.test_lab_case_loader" name="test_assertion_without_field_path_defaults_empty" time="0.001" /><testcase classname="tests.test_lab_case_loader" name="test_case_without_metadata_defaults_empty" time="0.001" /><testcase classname="tests.test_lab_case_loader" name="test_suite_without_metadata_defaults_empty" time="0.001" /><testcase classname="tests.test_lab_case_loader" name="test_load_case_not_dict_raises_error" time="0.001" /><testcase classname="tests.test_lab_case_loader" name="test_load_suite_not_dict_raises_error" time="0.001" /><testcase classname="tests.test_lab_case_loader" name="test_assertion_not_a_dict_raises_error" time="0.001" /><testcase classname="tests.test_lab_case_loader" name="test_loaded_case_has_correct_type" time="0.001" /><testcase classname="tests.test_lab_case_loader" name="test_loaded_case_does_not_auto_run" time="0.001" /><testcase classname="tests.test_lab_catalog" name="test_catalog_model_dump_json" time="0.001" /><testcase classname="tests.test_lab_catalog" name="test_catalog_model_validate_round_trip" time="0.001" /><testcase classname="tests.test_lab_catalog" name="test_case_entry_model_dump_json" time="0.001" /><testcase classname="tests.test_lab_catalog" name="test_suite_entry_model_dump_json" time="0.001" /><testcase classname="tests.test_lab_catalog" name="test_default_catalog_suite_order_stable" time="0.001" /><testcase classname="tests.test_lab_catalog" name="test_default_catalog_suite_count_and_fixture_kinds" time="0.001" /><testcase classname="tests.test_lab_catalog" name="test_case_ids_globally_unique" time="0.001" /><testcase classname="tests.test_lab_catalog" name="test_case_ids_in_suites_match_entries" time="0.001" /><testcase classname="tests.test_lab_catalog" name="test_assertion_count_matches" time="0.001" /><te
[...]
33" /><testcase classname="tests.test_skill_config" name="test_skill_config_defaults_are_local_first" time="0.001" /><testcase classname="tests.test_skill_config" name="test_skill_config_coerces_garden_home" time="0.001" /><testcase classname="tests.test_skill_config" name="test_as_skill_accepts_config" time="0.029" /><testcase classname="tests.test_skill_contract" name="test_skill_stable_session_contract" time="0.031" /><testcase classname="tests.test_skill_contract" name="test_skill_remember_preview_contract" time="0.038" /><testcase classname="tests.test_skill_contract" name="test_skill_harvest_contract_returns_stable_model" time="0.031" /><testcase classname="tests.test_skill_contract" name="test_skill_error_contract_for_invalid_input" time="0.032" /><testcase classname="tests.test_skill_contract" name="test_skill_audit_contract" time="0.036" /><testcase classname="tests.test_skill_e2e_dream" name="test_skill_e2e_dream_proposal_keeps_sources_and_does_not_mutate" time="0.035" /><testcase classname="tests.test_skill_e2e_dream" name="test_skill_e2e_dream_bad_provider_falls_back" time="0.034" /><testcase classname="tests.test_skill_e2e_forget" name="test_skill_e2e_explicit_forget_removes_harvestable_memory" time="0.054" /><testcase classname="tests.test_skill_e2e_preference" name="test_skill_e2e_long_term_preference_memory" time="0.042" /><testcase classname="tests.test_skill_permissions" name="test_skill_forget_can_be_disabled" time="0.030" /><testcase classname="tests.test_skill_permissions" name="test_skill_forget_requires_matching_memory" time="0.033" /><testcase classname="tests.test_skill_permissions" name="test_skill_forget_uses_soil_hard_forget_without_provider" time="0.044" /><testcase classname="tests.test_soil_bundle" name="test_export_creates_expected_files" time="0.015" /><testcase classname="tests.test_soil_bundle" name="test_export_does_not_modify_source_manifest" time="0.013" /><testcase classname="tests.test_soil_bundle" name="test_export_bundle_manifest_stable_json" time="0.015" /><testcase classname="tests.test_soil_bundle" name="test_export_snapshot_is_included" time="0.014" /><testcase classname="tests.test_soil_bundle" name="test_import_to_empty_dir_succeeds" time="0.027" /><testcase classname="tests.test_soil_bundle" name="test_import_to_dir_with_existing_manifest_is_blocked" time="0.019" /><testcase classname="tests.test_soil_bundle" name="test_import_to_non_empty_dir_is_blocked" time="0.017" /><testcase classname="tests.test_soil_bundle" name="test_import_missing_bundle_manifest_fails" time="0.008" /><testcase classname="tests.test_soil_bundle" name="test_import_invalid_bundle_manifest_fails" time="0.009" /><testcase classname="tests.test_soil_bundle" name="test_import_rejects_symlinked_bundle_manifest" time="0.015"><skipped type="pytest.skip" message="symlink creation is not available on this platform"><project-root>\tests\test_soil_bundle.py:151: symlink creation is not available on this platform</skipped></testcase><testcase classname="tests.test_soil_bundle" name="test_import_rejects_symlinked_optional_bundle_file_without_partial_target" time="0.017"><skipped type="pytest.skip" message="symlink creation is not available on this platform"><project-root>\tests\test_soil_bundle.py:169: symlink creation is not available on this platform</skipped></testcase><testcase classname="tests.test_soil_bundle" name="test_import_nonexistent_bundle_dir_fails" time="0.007" /><testcase classname="tests.test_soil_bundle" name="test_import_preserves_garden_name" time="0.027" /><testcase classname="tests.test_soil_bundle" name="test_bundle_models_json_roundtrip" time="0.001" /><testcase classname="tests.test_soil_forget" name="test_plan_hard_forget_dry_does_not_delete" time="0.070" /><testcase classname="tests.test_soil_forget" name="test_plan_hard_forget_reports_fts_entries" time="0.064" /><testcase classname="tests.test_soil_forget" name="test_plan_hard_forget_reports_structured_cascade_refs" time="0.078" /><testcase classname="tests.test_soil_forget" name="test_plan_hard_forget_reports_memory_payload_lineage_refs" time="0.079" /><testcase classname="tests.test_soil_forget" name="test_plan_hard_forget_nonexistent_memory_returns_empty" time="0.058" /><testcase classname="tests.test_soil_forget" name="test_execute_dry_run_does_not_delete" time="0.061" /><testcase classname="tests.test_soil_forget" name="test_execute_hard_forget_deletes_memory" time="0.083" /><testcase classname="tests.test_soil_forget" name="test_execute_hard_forget_cleans_fts_index" time="0.101" /><testcase classname="tests.test_soil_forget" name="test_execute_hard_forget_without_cascade_preserves_related_rows" time="0.106" /><testcase classname="tests.test_soil_forget" name="test_execute_hard_forget_cascade_cleans_related_rows_and_index" time="0.100" /><testcase classname="tests.test_soil_forget" name="test_execute_hard_forget_cascade_cleans_memory_payload_lineage_refs" time="0.099" /><testcase classname="tests.test_soil_forget" name="test_execute_hard_forget_no_database_returns_failed" time="0.008" /><testcase classname="tests.test_soil_forget" name="test_health_check_detects_stale_fts_entries" time="0.058" /><testcase classname="tests.test_soil_forget" name="test_health_check_no_stale_after_proper_forget" time="0.112" /><testcase classname="tests.test_soil_forget" name="test_forget_does_not_create_memory_garden" time="0.080" /><testcase classname="tests.test_soil_forget" name="test_import_has_no_side_effects" time="0.001" /><testcase classname="tests.test_soil_forget" name="test_forget_models_json_roundtrip" time="0.001" /><testcase classname="tests.test_soil_health" name="test_health_check_healthy" time="0.010" /><testcase classname="tests.test_soil_health" name="test_health_check_directory_missing" time="0.006" /><testcase classname="tests.test_soil_health" name="test_health_check_not_a_directory" time="0.006" /><testcase classname="tests.test_soil_health" name="test_health_check_manifest_missing" time="0.006" /><testcase classname="tests.test_soil_health" name="test_health_check_manifest_not_file" time="0.006" /><testcase classname="tests.test_soil_health" name="test_health_check_manifest_invalid_json" time="0.007" /><testcase classname="tests.test_soil_health" name="test_health_check_manifest_not_object" time="0.007" /><testcase classname="tests.test_soil_health" name="test_health_check_manifest_missing_fields" time="0.007" /><testcase classname="tests.test_soil_health" name="test_health_report_has_checked_at" time="0.008" /><testcase classname="tests.test_soil_health" name="test_health_check_does_not_create_files" time="0.010" /><testcase classname="tests.test_soil_home" name="test_resolve_garden_home_returns_path_no_create" time="0.006" /><testcase classname="tests.test_soil_home" name="test_resolve_garden_home_none_defaults_to_cwd_memory_garden" time="0.002" /><testcase classname="tests.test_soil_home" name="test_initialize_garden_home_creates_directory" time="0.008" /><testcase classname="tests.test_soil_home" name="test_initialize_garden_home_creates_manifest_json" time="0.008" /><testcase classname="tests.test_soil_home" name="test_initialize_garden_home_populates_manifest" time="0.006" /><testcase classname="tests.test_soil_home" name="test_initialize_garden_home_idempotent" time="0.008" /><testcase classname="tests.test_soil_home" name="test_initialize_garden_home_create_false_when_exists" time="0.006" /><testcase classname="tests.test_soil_home" name="test_initialize_garden_home_create_false_raises_if_missing" time="0.006" /><testcase classname="tests.test_soil_home" name="test_import_does_not_create_memory_garden" time="0.001" /><testcase classname="tests.test_soil_index" name="test_import_has_no_side_effects" time="0.001" /><testcase classname="tests.test_soil_index" name="test_check_index_missing_when_no_database" time="0.008" /><testcase classname="tests.test_soil_index" name="test_check_index_missing_when_no_fts" time="0.036" /><testcase classname="tests.test_soil_index" name="test_reindex_dry_run_does_not_create_fts" time="0.042" /><testcase classname="tests.test_soil_index" name="test_reindex_creates_fts_table" time="0.053" /><testcase classname="tests.test_soil_index" name="test_reindex_indexes_seeds" time="0.051" /><testcase classname="tests.test_soil_index" name="test_reindex_target_type_filter" time="0.052" /><testcase classname="tests.test_soil_index" name="test_reindex_rebuilds_existing_index" time="0.076" /><testcase classname="tests.test_soil_index" name="test_reindex_no_database" time="0.008" /><testcase classname="tests.test_soil_index" name="test_reindex_models_json_roundtrip" time="0.001" /><testcase classname="tests.test_soil_manifest" name="test_save_and_load_manifest" time="0.006" /><testcase classname="tests.test_soil_manifest" name="test_load_manifest_missing_raises" time="0.005" /><testcase classname="tests.test_soil_manifest" name="test_save_manifest_stable_json_output" time="0.006" /><testcase classname="tests.test_soil_manifest" name="test_save_manifest_keys_are_sorted" time="0.005" /><testcase classname="tests.test_soil_manifest" name="test_load_manifest_unknown_fields" time="0.006" /><testcase classname="tests.test_soil_migration" name="test_plan_noop_when_versions_equal" time="0.008" /><testcase classname="tests.test_soil_migration" name="test_plan_generates_steps_when_upgrading" time="0.007" /><testcase classname="tests.test_soil_migration" name="test_plan_blocked_on_downgrade" time="0.007" /><testcase classname="tests.test_soil_migration" name="test_plan_raises_on_missing_manifest" time="0.006" /><testcase classname="tests.test_soil_migration" name="test_plan_does_not_modify_manifest" time="0.007" /><testcase classname="tests.test_soil_migration" name="test_migrate_noop_when_versions_equal" time="0.007" /><testcase classname="tests.test_soil_migration" name="test_migrate_dry_run_does_not_change_manifest" time="0.007" /><testcase classname="tests.test_soil_migration" name="test_migrate_non_dry_run_updates_manifest_version" time="0.008" /><testcase classname="tests.test_soil_migration" name="test_migrate_raises_on_missing_manifest" time="0.004" /><testcase classname="tests.test_soil_migration" name="test_migrate_blocked_on_downgrade" time="0.007" /><testcase classname="tests.test_soil_migration" name="test_migration_models_json_roundtrip" time="0.001" /><testcase classname="tests.test_soil_models" name="test_garden_manifest_defaults" time="0.001" /><testcase classname="tests.test_soil_models" name="test_garden_manifest_custom" time="0.001" /><testcase classname="tests.test_soil_models" name="test_garden_manifest_json_roundtrip" time="0.001" /><testcase classname="tests.test_soil_models" name="test_garden_home_manifest_path" time="0.004" /><testcase classname="tests.test_soil_models" name="test_garden_health_issue" time="0.001" /><testcase classname="tests.test_soil_models" name="test_garden_health_report_default" time="0.001" /><testcase classname="tests.test_soil_models" name="test_garden_health_report_with_issues" time="0.001" /><testcase classname="tests.test_soil_models" name="test_garden_snapshot_from_home" time="0.004" /><testcase classname="tests.test_soil_models" name="test_garden_snapshot_json_roundtrip" time="0.001" /><testcase classname="tests.test_soil_models" name="test_garden_health_status_enum" time="0.001" /><testcase classname="tests.test_soil_reindex" name="test_health_check_no_database_is_not_unhealthy" time="0.007" /><testcase classname="tests.test_soil_reindex" name="test_health_check_index_missing_is_degraded" time="0.036" /><testcase classname="tests.test_soil_reindex" name="test_health_check_index_present_is_healthy" time="0.054" /><testcase classname="tests.test_soil_reindex" name="test_health_check_does_not_create_index" time="0.037" /><testcase classname="tests.test_soil_reindex" name="test_health_check_corrupt_index_is_unhealthy" time="0.055" /><testcase classname="tests.test_soil_reindex" name="test_reindex_does_not_create_memory_garden" time="0.048" /><testcase classname="tests.test_soil_reindex" name="test_reindex_court_cases" time="0.071" /><testcase classname="tests.test_soil_reindex" name="test_reindex_dream_records" time="0.050" /><testcase classname="tests.test_soil_search" name="test_search_finds_memory_card" time="0.052" /><testcase classname="tests.test_soil_search" name="test_search_limit_respected" time="0.054" /><testcase classname="tests.test_soil_search" name="test_search_limit_clamped_to_max" time="0.052" /><testcase classname="tests.test_soil_search" name="test_search_target_types_filter" time="0.071" /><testcase classname="tests.test_soil_search" name="test_search_empty_query_returns_empty" time="0.050" /><testcase classname="tests.test_soil_search" name="test_search_no_index_returns_empty" time="0.039" /><testcase classname="tests.test_soil_search" name="test_search_no_database_returns_empty" time="0.007" /><testcase classname="tests.test_soil_search" name="test_search_hit_has_required_fields" time="0.051" /><testcase classname="tests.test_soil_search" name="test_search_models_json_roundtrip" time="0.001" /><testcase classname="tests.test_soil_search" name="test_scoped_search_filters_project_strategy_profiles" time="0.085" /><testcase classname="tests.test_soil_search" name="test_scoped_search_does_not_create_product_tables" time="0.060" /><testcase classname="tests.test_soil_search" name="test_cjk_ngram_search_finds_continuous_chinese" time="0.057" /><testcase classname="tests.test_soil_search" name="test_english_fts_unchanged_after_ngram_column" time="0.056" /><testcase classname="tests.test_soil_snapshot" name="test_snapshot_includes_manifest_summary" time="0.010" /><testcase classname="tests.test_soil_snapshot" name="test_snapshot_with_notes" time="0.012" /><testcase classname="tests.test_soil_snapshot" name="test_snapshot_without_manifest" time="0.007" /><testcase classname="tests.test_soil_snapshot" name="test_snapshot_explicit_no_manifest" time="0.007" /><testcase classname="tests.test_soil_snapshot" name="test_snapshot_json_serializable" time="0.007" /><testcase classname="tests.test_sqlite_repository" name="test_memory_repository_initializes" time="0.001" /><testcase classname="tests.test_sqlite_repository" name="test_tempfile_roundtrip_reopen" time="0.027" /><testcase classname="tests.test_sqlite_repository" name="test_seed_roundtrip" time="0.002" /><testcase classname="tests.test_sqlite_repository" name="test_memory_card_roundtrip" time="0.002" /><testcase classname="tests.test_sqlite_repository" name="test_court_case_roundtrip" time="0.003" /><testcase classname="tests.test_sqlite_repository" name="test_dream_record_roundtrip" time="0.001" /><testcase classname="tests.test_sqlite_repository" name="test_compost_record_roundtrip" time="0.002" /><testcase classname="tests.test_sqlite_repository" name="test_greenhouse_record_roundtrip" time="0.001" /><testcase classname="tests.test_sqlite_repository" name="test_pruning_record_roundtrip" time="0.002" /><testcase classname="tests.test_sqlite_repository" name="test_garden_event_metadata_nested_roundtrip" time="0.001" /><testcase classname="tests.test_sqlite_repository" name="test_duplicate_save_raises" time="0.001" /><testcase classname="tests.test_sqlite_repository" name="test_get_missing_raises" time="0.002" /><testcase classname="tests.test_sqlite_repository" name="test_list_seeds_filter_status" time="0.001" /><testcase classname="tests.test_sqlite_repository" name="test_list_memory_cards_filter_lifecycle" time="0.002" /><testcase classname="tests.test_sqlite_repository" name="test_list_memory_cards_exclude_greenhouse_lifecycle_by_default" time="0.001" /><testcase classname="tests.test_sqlite_repository" name="test_list_garden_events_filters" time="0.001" /><testcase classname="tests.test_sqlite_repository" name="test_record_types_no_extra_mutators_on_class" time="0.001" /><testcase classname="tests.test_sqlite_repository" name="test_all_get_list_return_pydantic_instances" time="0.002" /><testcase classname="tests.test_v14_features" name="test_sync_context_manager" time="0.028" /><testcase classname="tests.test_v14_features" name="test_async_context_manager" time="0.030" /><testcase classname="tests.test_v14_features" name="test_html_report_renders" time="0.004" /><testcase classname="tests.test_v14_features" name="test_html_report_escapes_xss" time="0.001" /><testcase classname="tests.test_v14_features" name="test_local_embedding_provider" time="0.006" /><testcase classname="tests.test_v14_features" name="test_local_embedding_provider_deterministic" time="0.001" /><testcase classname="tests.test_v14_features" name="test_sentence_transformers_provider_imports" time="0.001" /><testcase classname="tests.test_v14_features" name="test_html_report_renders_empty" time="0.004" /><testcase classname="tests.test_v14_features" name="test_no_memory_garden_created" time="0.027" /><testcase classname="tests.test_v1_capabilities" name="test_correction_triggers_merge" time="0.001" /><testcase classname="tests.test_v1_capabilities" name="test_explicit_remember_triggers_plant" time="0.001" /><testcase classname="tests.test_v1_capabilities" name="test_adoption_triggers_plant" time="0.001" /><testcase classname="tests.test_v1_capabilities" name="test_identity_claim_triggers_plant" time="0.001" /><testcase classname="tests.test_v1_capabilities" name="test_boundary_triggers_plant" time="0.001" /><testcase classname="tests.test_v1_capabilities" name="test_future_intent_triggers_plant" time="0.001" /><testcase classname="tests.test_v1_capabilities" name="test_ephemeral_triggers_compost" time="0.001" /><testcase classname="tests.test_v1_capabilities" name="test_third_party_triggers_hold" time="0.001" /><testcase classname="tests.test_v1_capabilities" name="test_hypothetical_triggers_hold" time="0.001" /><testcase classname="tests.test_v1_capabilities" name="test_uncertainty_triggers_hold" time="0.001" /><testcase classname="tests.test_v1_capabilities" name="test_social_pleasantry_triggers_compost" time="0.001" /><testcase classname="tests.test_v1_capabilities" name="test_preference_still_plants" time="0.001" /><testcase classname="tests.test_v1_capabilities" name="test_sensitive_still_greenhouse" time="0.001" /><testcase classname="tests.test_v1_capabilities" name="test_hybrid_search_finds_fts5_matches" time="0.051" /><testcase classname="tests.test_v1_capabilities" name="test_hybrid_search_falls_back_to_embedding" time="0.053" /><testcase classname="tests.test_v1_capabilities" name="test_hybrid_search_respects_limit" time="0.055" /><testcase classname="tests.test_v1_capabilities" name="test_fts5_search_still_works" time="0.051" /><testcase classname="tests.test_v1_capabilities" name="test_cascade_forget_deletes_seeds" time="0.073" /><testcase classname="tests.test_v1_capabilities" name="test_cascade_forget_does_not_crash_no_related" time="0.073" /><testcase classname="tests.test_v1_capabilities" name="test_non_cascade_forget_default_behavior" time="0.073" /><testcase classname="tests.test_v1_capabilities" name="test_cascade_dry_run_does_not_delete" time="0.053" /><testcase classname="tests.test_v1_optimizations" name="test_build_summary_from_empty_garden" time="0.007" /><testcase classname="tests.test_v1_optimizations" name="test_build_summary_from_populated_garden" time="0.056" /><testcase classname="tests.test_v1_optimizations" name="test_build_summary_no_database" time="0.008" /><testcase classname="tests.test_v1_optimizations" name="test_sdk_summary_returns_view" time="0.030" /><testcase classname="tests.test_v1_optimizations" name="test_sdk_async_chat_works" time="0.029" /><testcase classname="tests.test_v1_optimizations" name="test_sdk_async_full_cycle" time="0.029" /><testcase classname="tests.test_v1_optimizations" name="test_observatory_has_all_required_views" time="0.001" /><testcase classname="tests.test_v1_optimizations" name="test_no_memory_garden_created" time="0.032" /></testsuite></testsuites>